<?xml version="1.0" encoding="UTF-8"?>
<!-- Generated by org.testng.reporters.JUnitReportReporter -->
<testsuite hostname="DESKTOP-UE7RBIH" failures="0" tests="2" name="appuimdemo.induclass" time="16.855" errors="0" timestamp="2022-12-07T10:32:41 IST" skipped="1">
  <testcase classname="appuimdemo.induclass" name="scroll3" time="16.855"/>
  <system-out/>
  <testcase classname="appuimdemo.induclass" name="scroll2">
    <skipped/>
  </testcase> <!-- scroll2 -->
  <system-out/>
</testsuite> <!-- appuimdemo.induclass -->
