<?xml version="1.0" encoding="UTF-8"?>
<!-- Generated by org.testng.reporters.JUnitReportReporter -->
<testsuite hostname="DESKTOP-UE7RBIH" failures="0" tests="1" name="appuimdemo.orangehrm" time="84.161" errors="0" timestamp="2022-12-01T15:14:47 IST" skipped="0">
  <testcase classname="appuimdemo.orangehrm" name="testcase" time="84.161"/>
  <system-out/>
</testsuite> <!-- appuimdemo.orangehrm -->
