<?xml version="1.0" encoding="UTF-8"?>
<!-- Generated by org.testng.reporters.JUnitReportReporter -->
<testsuite hostname="DESKTOP-UE7RBIH" failures="0" tests="4" name="appuimdemo.task" time="24.498" errors="0" timestamp="2022-12-07T10:06:30 IST" skipped="3">
  <testcase classname="appuimdemo.task" name="longpress" time="24.498"/>
  <system-out/>
  <testcase classname="appuimdemo.task" name="BT1">
    <skipped/>
  </testcase> <!-- BT1 -->
  <system-out/>
  <testcase classname="appuimdemo.task" name="switchapp">
    <skipped/>
  </testcase> <!-- switchapp -->
  <system-out/>
  <testcase classname="appuimdemo.task" name="scrollintoview">
    <skipped/>
  </testcase> <!-- scrollintoview -->
  <system-out/>
</testsuite> <!-- appuimdemo.task -->
