<?xml version="1.0" encoding="UTF-8"?>
<!-- Generated by org.testng.reporters.JUnitReportReporter -->
<testsuite hostname="DESKTOP-UE7RBIH" failures="0" tests="2" name="hybridapp.test2" time="51.177" errors="0" timestamp="2022-12-07T19:16:59 IST" skipped="1">
  <testcase classname="hybridapp.test2" name="scrollconverse" time="51.177"/>
  <system-out/>
  <testcase classname="hybridapp.test2" name="positive">
    <skipped/>
  </testcase> <!-- positive -->
  <system-out/>
</testsuite> <!-- hybridapp.test2 -->
