<?xml version="1.0" encoding="UTF-8"?>
<!-- Generated by org.testng.reporters.JUnitReportReporter -->
<testsuite hostname="DESKTOP-UE7RBIH" failures="0" tests="2" name="appuimdemo.nativeclass" time="9.726" errors="0" timestamp="2022-12-06T21:34:55 IST" skipped="1">
  <testcase classname="appuimdemo.nativeclass" name="bt2" time="9.726"/>
  <system-out/>
  <testcase classname="appuimdemo.nativeclass" name="BT1">
    <skipped/>
  </testcase> <!-- BT1 -->
  <system-out/>
</testsuite> <!-- appuimdemo.nativeclass -->
