<?xml version="1.0" encoding="UTF-8"?>
<!-- Generated by org.testng.reporters.JUnitReportReporter -->
<testsuite hostname="DESKTOP-UE7RBIH" failures="0" tests="4" name="appuimdemo.tapandlongpress" time="28.118" errors="0" timestamp="2022-12-06T20:30:06 IST" skipped="3">
  <testcase classname="appuimdemo.tapandlongpress" name="draganddrop" time="28.118"/>
  <system-out/>
  <testcase classname="appuimdemo.tapandlongpress" name="tapandlongpress">
    <skipped/>
  </testcase> <!-- tapandlongpress -->
  <system-out/>
  <testcase classname="appuimdemo.tapandlongpress" name="swapandswipe">
    <skipped/>
  </testcase> <!-- swapandswipe -->
  <system-out/>
  <testcase classname="appuimdemo.tapandlongpress" name="scroll">
    <skipped/>
  </testcase> <!-- scroll -->
  <system-out/>
</testsuite> <!-- appuimdemo.tapandlongpress -->
