<?xml version="1.0" encoding="UTF-8"?>
<!-- Generated by org.testng.reporters.JUnitReportReporter -->
<testsuite hostname="DESKTOP-UE7RBIH" failures="0" tests="2" name="hybridapp.hybridapptest" time="40.331" errors="0" timestamp="2022-12-07T18:38:48 IST" skipped="1">
  <testcase classname="hybridapp.hybridapptest" name="positivecase" time="40.331"/>
  <system-out/>
  <testcase classname="hybridapp.hybridapptest" name="negativecase">
    <skipped/>
  </testcase> <!-- negativecase -->
  <system-out/>
</testsuite> <!-- hybridapp.hybridapptest -->
